{
  "RSpec": {
    "coverage": {
      "/Users/juanestebanrodriguezguevara/Documents/Ruby/Proyectos/sena/Semana_6/tienda/app/decorators/decorator/base.rb": [
        1,
        1,
        null,
        1,
        7,
        7,
        null,
        null,
        1,
        4,
        null,
        null,
        1,
        0,
        null,
        null,
        1,
        2,
        null,
        null,
        1,
        null,
        1,
        7,
        null,
        null,
        1,
        0,
        0,
        null,
        0,
        null,
        null,
        null,
        null,
        null
      ],
      "/Users/juanestebanrodriguezguevara/Documents/Ruby/Proyectos/sena/Semana_6/tienda/spec/decorators/user_decorator_spec.rb": [
        1,
        null,
        1,
        null,
        3,
        null,
        3,
        null,
        1,
        1,
        1,
        null,
        null,
        null,
        1,
        1,
        1,
        null,
        null,
        null,
        null,
        null,
        1,
        null,
        null,
        1,
        null,
        null,
        null,
        null,
        null
      ],
      "/Users/juanestebanrodriguezguevara/Documents/Ruby/Proyectos/sena/Semana_6/tienda/app/decorators/user_decorator.rb": [
        1,
        null,
        1,
        1,
        null,
        null,
        1,
        5,
        null,
        null,
        1,
        0,
        null,
        null
      ],
      "/Users/juanestebanrodriguezguevara/Documents/Ruby/Proyectos/sena/Semana_6/tienda/spec/models/user_spec.rb": [
        1,
        null,
        1,
        null,
        null,
        null,
        null,
        null,
        1,
        4,
        null,
        1,
        1,
        1,
        null,
        1,
        1,
        1,
        null,
        1,
        1,
        1,
        null,
        null,
        null,
        null,
        1,
        1,
        3,
        null,
        1,
        null,
        1,
        null,
        1,
        null,
        1,
        null,
        1,
        1,
        1,
        0,
        null,
        null,
        null,
        null
      ],
      "/Users/juanestebanrodriguezguevara/Documents/Ruby/Proyectos/sena/Semana_6/tienda/app/models/user.rb": [
        1,
        1,
        null,
        1,
        null,
        1,
        null,
        1,
        3,
        3,
        null,
        null,
        null,
        null
      ]
    },
    "timestamp": 1441473579
  }
}
